Plan: 全球畜牧牧场离线瓦片下载计划
Regions: 15
Max runtime: 180.0 minutes (deadline: 17:10:59)
Already completed: 15/15

[1/15] SKIP 长沙 Demo 区域 (already done)

[2/15] SKIP 内蒙古牧区 (already done)

[3/15] SKIP 新疆牧区 (already done)

[4/15] SKIP 青藏高原牧区 (already done)

[5/15] SKIP 蒙古国牧区 (already done)

[6/15] SKIP 澳大利亚内陆牧场 (already done)

[7/15] SKIP 美国大平原牧场 (already done)

[8/15] SKIP 巴西中南部牧场 (already done)

[9/15] SKIP 阿根廷潘帕斯草原 (already done)

[10/15] SKIP 新西兰牧场 (already done)

[11/15] SKIP 英国/爱尔兰牧场 (already done)

[12/15] SKIP 北欧驯鹿区 (already done)

[13/15] SKIP 东非牧区 (already done)

[14/15] SKIP 南非牧场 (already done)

[15/15] SKIP 印度西北牧区 (already done)

==================================================
Session result: 15 done, 0 partial, 0 failed, 0 pending
